2021-04-03 08:57:05,558 INFO org.apache.hadoop.hdfs.server.namenode.NameNode: STARTUP_MSG: 
/************************************************************
STARTUP_MSG: Starting NameNode
STARTUP_MSG:   host = 4053d43f5cec/192.168.16.8
STARTUP_MSG:   args = []
STARTUP_MSG:   version = 2.2.0
STARTUP_MSG:   classpath = /opt/hadoop/etc/hadoop:/opt/hadoop/share/hadoop/common/lib/commons-net-3.1.jar:/opt/hadoop/share/hadoop/common/lib/jackson-jaxrs-1.8.8.jar:/opt/hadoop/share/hadoop/common/lib/hadoop-annotations-2.2.0.jar:/opt/hadoop/share/hadoop/common/lib/jasper-compiler-5.5.23.jar:/opt/hadoop/share/hadoop/common/lib/commons-lang-2.5.jar:/opt/hadoop/share/hadoop/common/lib/commons-httpclient-3.1.jar:/opt/hadoop/share/hadoop/common/lib/jaxb-api-2.2.2.jar:/opt/hadoop/share/hadoop/common/lib/commons-configuration-1.6.jar:/opt/hadoop/share/hadoop/common/lib/paranamer-2.3.jar:/opt/hadoop/share/hadoop/common/lib/commons-beanutils-1.7.0.jar:/opt/hadoop/share/hadoop/common/lib/jackson-xc-1.8.8.jar:/opt/hadoop/share/hadoop/common/lib/junit-4.8.2.jar:/opt/hadoop/share/hadoop/common/lib/servlet-api-2.5.jar:/opt/hadoop/share/hadoop/common/lib/log4j-1.2.17.jar:/opt/hadoop/share/hadoop/common/lib/slf4j-api-1.7.5.jar:/opt/hadoop/share/hadoop/common/lib/commons-el-1.0.jar:/opt/hadoop/share/hadoop/common/lib/snappy-java-1.0.4.1.jar:/opt/hadoop/share/hadoop/common/lib/jasper-runtime-5.5.23.jar:/opt/hadoop/share/hadoop/common/lib/commons-cli-1.2.jar:/opt/hadoop/share/hadoop/common/lib/jackson-mapper-asl-1.8.8.jar:/opt/hadoop/share/hadoop/common/lib/asm-3.2.jar:/opt/hadoop/share/hadoop/common/lib/jettison-1.1.jar:/opt/hadoop/share/hadoop/common/lib/xmlenc-0.52.jar:/opt/hadoop/share/hadoop/common/lib/xz-1.0.jar:/opt/hadoop/share/hadoop/common/lib/commons-math-2.1.jar:/opt/hadoop/share/hadoop/common/lib/jsr305-1.3.9.jar:/opt/hadoop/share/hadoop/common/lib/mockito-all-1.8.5.jar:/opt/hadoop/share/hadoop/common/lib/commons-collections-3.2.1.jar:/opt/hadoop/share/hadoop/common/lib/stax-api-1.0.1.jar:/opt/hadoop/share/hadoop/common/lib/jersey-core-1.9.jar:/opt/hadoop/share/hadoop/common/lib/activation-1.1.jar:/opt/hadoop/share/hadoop/common/lib/jetty-util-6.1.26.jar:/opt/hadoop/share/hadoop/common/lib/commons-digester-1.8.jar:/opt/hadoop/share/hadoop/common/lib/zookeeper-3.4.5.jar:/opt/hadoop/share/hadoop/common/lib/jsp-api-2.1.jar:/opt/hadoop/share/hadoop/common/lib/jackson-core-asl-1.8.8.jar:/opt/hadoop/share/hadoop/common/lib/jetty-6.1.26.jar:/opt/hadoop/share/hadoop/common/lib/commons-beanutils-core-1.8.0.jar:/opt/hadoop/share/hadoop/common/lib/commons-codec-1.4.jar:/opt/hadoop/share/hadoop/common/lib/commons-logging-1.1.1.jar:/opt/hadoop/share/hadoop/common/lib/hadoop-auth-2.2.0.jar:/opt/hadoop/share/hadoop/common/lib/protobuf-java-2.5.0.jar:/opt/hadoop/share/hadoop/common/lib/commons-io-2.1.jar:/opt/hadoop/share/hadoop/common/lib/jsch-0.1.42.jar:/opt/hadoop/share/hadoop/common/lib/commons-compress-1.4.1.jar:/opt/hadoop/share/hadoop/common/lib/netty-3.6.2.Final.jar:/opt/hadoop/share/hadoop/common/lib/jaxb-impl-2.2.3-1.jar:/opt/hadoop/share/hadoop/common/lib/guava-11.0.2.jar:/opt/hadoop/share/hadoop/common/lib/jersey-json-1.9.jar:/opt/hadoop/share/hadoop/common/lib/slf4j-log4j12-1.7.5.jar:/opt/hadoop/share/hadoop/common/lib/avro-1.7.4.jar:/opt/hadoop/share/hadoop/common/lib/jersey-server-1.9.jar:/opt/hadoop/share/hadoop/common/lib/jets3t-0.6.1.jar:/opt/hadoop/share/hadoop/common/hadoop-common-2.2.0.jar:/opt/hadoop/share/hadoop/common/hadoop-nfs-2.2.0.jar:/opt/hadoop/share/hadoop/common/hadoop-common-2.2.0-tests.jar:/opt/hadoop/share/hadoop/hdfs:/opt/hadoop/share/hadoop/hdfs/lib/commons-lang-2.5.jar:/opt/hadoop/share/hadoop/hdfs/lib/servlet-api-2.5.jar:/opt/hadoop/share/hadoop/hdfs/lib/log4j-1.2.17.jar:/opt/hadoop/share/hadoop/hdfs/lib/commons-el-1.0.jar:/opt/hadoop/share/hadoop/hdfs/lib/jasper-runtime-5.5.23.jar:/opt/hadoop/share/hadoop/hdfs/lib/commons-cli-1.2.jar:/opt/hadoop/share/hadoop/hdfs/lib/jackson-mapper-asl-1.8.8.jar:/opt/hadoop/share/hadoop/hdfs/lib/asm-3.2.jar:/opt/hadoop/share/hadoop/hdfs/lib/xmlenc-0.52.jar:/opt/hadoop/share/hadoop/hdfs/lib/jsr305-1.3.9.jar:/opt/hadoop/share/hadoop/hdfs/lib/jersey-core-1.9.jar:/opt/hadoop/share/hadoop/hdfs/lib/jetty-util-6.1.26.jar:/opt/hadoop/share/hadoop/hdfs/lib/jsp-api-2.1.jar:/opt/hadoop/share/hadoop/hdfs/lib/commons-daemon-1.0.13.jar:/opt/hadoop/share/hadoop/hdfs/lib/jackson-core-asl-1.8.8.jar:/opt/hadoop/share/hadoop/hdfs/lib/jetty-6.1.26.jar:/opt/hadoop/share/hadoop/hdfs/lib/commons-codec-1.4.jar:/opt/hadoop/share/hadoop/hdfs/lib/commons-logging-1.1.1.jar:/opt/hadoop/share/hadoop/hdfs/lib/protobuf-java-2.5.0.jar:/opt/hadoop/share/hadoop/hdfs/lib/commons-io-2.1.jar:/opt/hadoop/share/hadoop/hdfs/lib/netty-3.6.2.Final.jar:/opt/hadoop/share/hadoop/hdfs/lib/guava-11.0.2.jar:/opt/hadoop/share/hadoop/hdfs/lib/jersey-server-1.9.jar:/opt/hadoop/share/hadoop/hdfs/hadoop-hdfs-2.2.0.jar:/opt/hadoop/share/hadoop/hdfs/hadoop-hdfs-2.2.0-tests.jar:/opt/hadoop/share/hadoop/hdfs/hadoop-hdfs-nfs-2.2.0.jar:/opt/hadoop/share/hadoop/yarn/lib/junit-4.10.jar:/opt/hadoop/share/hadoop/yarn/lib/hadoop-annotations-2.2.0.jar:/opt/hadoop/share/hadoop/yarn/lib/aopalliance-1.0.jar:/opt/hadoop/share/hadoop/yarn/lib/hamcrest-core-1.1.jar:/opt/hadoop/share/hadoop/yarn/lib/paranamer-2.3.jar:/opt/hadoop/share/hadoop/yarn/lib/log4j-1.2.17.jar:/opt/hadoop/share/hadoop/yarn/lib/snappy-java-1.0.4.1.jar:/opt/hadoop/share/hadoop/yarn/lib/jackson-mapper-asl-1.8.8.jar:/opt/hadoop/share/hadoop/yarn/lib/asm-3.2.jar:/opt/hadoop/share/hadoop/yarn/lib/xz-1.0.jar:/opt/hadoop/share/hadoop/yarn/lib/jersey-guice-1.9.jar:/opt/hadoop/share/hadoop/yarn/lib/jersey-core-1.9.jar:/opt/hadoop/share/hadoop/yarn/lib/guice-servlet-3.0.jar:/opt/hadoop/share/hadoop/yarn/lib/jackson-core-asl-1.8.8.jar:/opt/hadoop/share/hadoop/yarn/lib/protobuf-java-2.5.0.jar:/opt/hadoop/share/hadoop/yarn/lib/commons-io-2.1.jar:/opt/hadoop/share/hadoop/yarn/lib/commons-compress-1.4.1.jar:/opt/hadoop/share/hadoop/yarn/lib/netty-3.6.2.Final.jar:/opt/hadoop/share/hadoop/yarn/lib/guice-3.0.jar:/opt/hadoop/share/hadoop/yarn/lib/avro-1.7.4.jar:/opt/hadoop/share/hadoop/yarn/lib/javax.inject-1.jar:/opt/hadoop/share/hadoop/yarn/lib/jersey-server-1.9.jar:/opt/hadoop/share/hadoop/yarn/hadoop-yarn-client-2.2.0.jar:/opt/hadoop/share/hadoop/yarn/hadoop-yarn-server-resourcemanager-2.2.0.jar:/opt/hadoop/share/hadoop/yarn/hadoop-yarn-applications-unmanaged-am-launcher-2.2.0.jar:/opt/hadoop/share/hadoop/yarn/hadoop-yarn-server-tests-2.2.0.jar:/opt/hadoop/share/hadoop/yarn/hadoop-yarn-server-nodemanager-2.2.0.jar:/opt/hadoop/share/hadoop/yarn/hadoop-yarn-server-web-proxy-2.2.0.jar:/opt/hadoop/share/hadoop/yarn/hadoop-yarn-api-2.2.0.jar:/opt/hadoop/share/hadoop/yarn/hadoop-yarn-common-2.2.0.jar:/opt/hadoop/share/hadoop/yarn/hadoop-yarn-site-2.2.0.jar:/opt/hadoop/share/hadoop/yarn/hadoop-yarn-server-common-2.2.0.jar:/opt/hadoop/share/hadoop/yarn/hadoop-yarn-applications-distributedshell-2.2.0.jar:/opt/hadoop/share/hadoop/mapreduce/lib/junit-4.10.jar:/opt/hadoop/share/hadoop/mapreduce/lib/hadoop-annotations-2.2.0.jar:/opt/hadoop/share/hadoop/mapreduce/lib/aopalliance-1.0.jar:/opt/hadoop/share/hadoop/mapreduce/lib/hamcrest-core-1.1.jar:/opt/hadoop/share/hadoop/mapreduce/lib/paranamer-2.3.jar:/opt/hadoop/share/hadoop/mapreduce/lib/log4j-1.2.17.jar:/opt/hadoop/share/hadoop/mapreduce/lib/snappy-java-1.0.4.1.jar:/opt/hadoop/share/hadoop/mapreduce/lib/jackson-mapper-asl-1.8.8.jar:/opt/hadoop/share/hadoop/mapreduce/lib/asm-3.2.jar:/opt/hadoop/share/hadoop/mapreduce/lib/xz-1.0.jar:/opt/hadoop/share/hadoop/mapreduce/lib/jersey-guice-1.9.jar:/opt/hadoop/share/hadoop/mapreduce/lib/jersey-core-1.9.jar:/opt/hadoop/share/hadoop/mapreduce/lib/guice-servlet-3.0.jar:/opt/hadoop/share/hadoop/mapreduce/lib/jackson-core-asl-1.8.8.jar:/opt/hadoop/share/hadoop/mapreduce/lib/protobuf-java-2.5.0.jar:/opt/hadoop/share/hadoop/mapreduce/lib/commons-io-2.1.jar:/opt/hadoop/share/hadoop/mapreduce/lib/commons-compress-1.4.1.jar:/opt/hadoop/share/hadoop/mapreduce/lib/netty-3.6.2.Final.jar:/opt/hadoop/share/hadoop/mapreduce/lib/guice-3.0.jar:/opt/hadoop/share/hadoop/mapreduce/lib/avro-1.7.4.jar:/opt/hadoop/share/hadoop/mapreduce/lib/javax.inject-1.jar:/opt/hadoop/share/hadoop/mapreduce/lib/jersey-server-1.9.jar:/opt/hadoop/share/hadoop/mapreduce/hadoop-mapreduce-client-hs-plugins-2.2.0.jar:/opt/hadoop/share/hadoop/mapreduce/hadoop-mapreduce-client-jobclient-2.2.0.jar:/opt/hadoop/share/hadoop/mapreduce/hadoop-mapreduce-client-jobclient-2.2.0-tests.jar:/opt/hadoop/share/hadoop/mapreduce/hadoop-mapreduce-client-core-2.2.0.jar:/opt/hadoop/share/hadoop/mapreduce/hadoop-mapreduce-client-common-2.2.0.jar:/opt/hadoop/share/hadoop/mapreduce/hadoop-mapreduce-client-shuffle-2.2.0.jar:/opt/hadoop/share/hadoop/mapreduce/hadoop-mapreduce-client-app-2.2.0.jar:/opt/hadoop/share/hadoop/mapreduce/hadoop-mapreduce-client-hs-2.2.0.jar:/opt/hadoop/share/hadoop/mapreduce/hadoop-mapreduce-examples-2.2.0.jar:/contrib/capacity-scheduler/*.jar:/contrib/capacity-scheduler/*.jar:/contrib/capacity-scheduler/*.jar
STARTUP_MSG:   build = https://svn.apache.org/repos/asf/hadoop/common -r 1529768; compiled by 'hortonmu' on 2013-10-07T06:28Z
STARTUP_MSG:   java = 1.7.0_51
************************************************************/
2021-04-03 08:57:05,565 INFO org.apache.hadoop.hdfs.server.namenode.NameNode: registered UNIX signal handlers for [TERM, HUP, INT]
2021-04-03 08:57:05,851 INFO org.apache.hadoop.metrics2.impl.MetricsConfig: loaded properties from hadoop-metrics2.properties
2021-04-03 08:57:05,928 INFO org.apache.hadoop.metrics2.impl.MetricsSystemImpl: Scheduled snapshot period at 10 second(s).
2021-04-03 08:57:05,929 INFO org.apache.hadoop.metrics2.impl.MetricsSystemImpl: NameNode metrics system started
2021-04-03 08:57:06,085 WARN org.apache.hadoop.util.NativeCodeLoader: Unable to load native-hadoop library for your platform... using builtin-java classes where applicable
2021-04-03 08:57:06,281 INFO org.mortbay.log: Logging to org.slf4j.impl.Log4jLoggerAdapter(org.mortbay.log) via org.mortbay.log.Slf4jLog
2021-04-03 08:57:06,335 INFO org.apache.hadoop.http.HttpServer: Added global filter 'safety' (class=org.apache.hadoop.http.HttpServer$QuotingInputFilter)
2021-04-03 08:57:06,337 INFO org.apache.hadoop.http.HttpServer: Added filter static_user_filter (class=org.apache.hadoop.http.lib.StaticUserWebFilter$StaticUserFilter) to context hdfs
2021-04-03 08:57:06,338 INFO org.apache.hadoop.http.HttpServer: Added filter static_user_filter (class=org.apache.hadoop.http.lib.StaticUserWebFilter$StaticUserFilter) to context logs
2021-04-03 08:57:06,338 INFO org.apache.hadoop.http.HttpServer: Added filter static_user_filter (class=org.apache.hadoop.http.lib.StaticUserWebFilter$StaticUserFilter) to context static
2021-04-03 08:57:06,365 INFO org.apache.hadoop.http.HttpServer: dfs.webhdfs.enabled = false
2021-04-03 08:57:06,387 INFO org.apache.hadoop.http.HttpServer: Jetty bound to port 50070
2021-04-03 08:57:06,391 INFO org.mortbay.log: jetty-6.1.26
2021-04-03 08:57:06,727 INFO org.mortbay.log: Started SelectChannelConnector@0.0.0.0:50070
2021-04-03 08:57:06,728 INFO org.apache.hadoop.hdfs.server.namenode.NameNode: Web-server up at: 0.0.0.0:50070
2021-04-03 08:57:06,757 WARN org.apache.hadoop.hdfs.server.namenode.FSNamesystem: Only one image storage directory (dfs.namenode.name.dir) configured. Beware of dataloss due to lack of redundant storage directories!
2021-04-03 08:57:06,757 WARN org.apache.hadoop.hdfs.server.namenode.FSNamesystem: Only one namespace edits storage directory (dfs.namenode.edits.dir) configured. Beware of dataloss due to lack of redundant storage directories!
2021-04-03 08:57:06,815 INFO org.apache.hadoop.hdfs.server.namenode.HostFileManager: read includes:
HostSet(
)
2021-04-03 08:57:06,816 INFO org.apache.hadoop.hdfs.server.namenode.HostFileManager: read excludes:
HostSet(
)
2021-04-03 08:57:06,819 INFO org.apache.hadoop.hdfs.server.blockmanagement.DatanodeManager: dfs.block.invalidate.limit=1000
2021-04-03 08:57:06,822 INFO org.apache.hadoop.util.GSet: Computing capacity for map BlocksMap
2021-04-03 08:57:06,823 INFO org.apache.hadoop.util.GSet: VM type       = 64-bit
2021-04-03 08:57:06,823 INFO org.apache.hadoop.util.GSet: 2.0% max memory = 889 MB
2021-04-03 08:57:06,824 INFO org.apache.hadoop.util.GSet: capacity      = 2^21 = 2097152 entries
2021-04-03 08:57:06,835 INFO org.apache.hadoop.hdfs.server.blockmanagement.BlockManager: dfs.block.access.token.enable=false
2021-04-03 08:57:06,836 INFO org.apache.hadoop.hdfs.server.blockmanagement.BlockManager: defaultReplication         = 1
2021-04-03 08:57:06,836 INFO org.apache.hadoop.hdfs.server.blockmanagement.BlockManager: maxReplication             = 512
2021-04-03 08:57:06,836 INFO org.apache.hadoop.hdfs.server.blockmanagement.BlockManager: minReplication             = 1
2021-04-03 08:57:06,836 INFO org.apache.hadoop.hdfs.server.blockmanagement.BlockManager: maxReplicationStreams      = 2
2021-04-03 08:57:06,837 INFO org.apache.hadoop.hdfs.server.blockmanagement.BlockManager: shouldCheckForEnoughRacks  = false
2021-04-03 08:57:06,837 INFO org.apache.hadoop.hdfs.server.blockmanagement.BlockManager: replicationRecheckInterval = 3000
2021-04-03 08:57:06,837 INFO org.apache.hadoop.hdfs.server.blockmanagement.BlockManager: encryptDataTransfer        = false
2021-04-03 08:57:06,841 INFO org.apache.hadoop.hdfs.server.namenode.FSNamesystem: fsOwner             = hduser (auth:SIMPLE)
2021-04-03 08:57:06,842 INFO org.apache.hadoop.hdfs.server.namenode.FSNamesystem: supergroup          = supergroup
2021-04-03 08:57:06,842 INFO org.apache.hadoop.hdfs.server.namenode.FSNamesystem: isPermissionEnabled = true
2021-04-03 08:57:06,842 INFO org.apache.hadoop.hdfs.server.namenode.FSNamesystem: HA Enabled: false
2021-04-03 08:57:06,844 INFO org.apache.hadoop.hdfs.server.namenode.FSNamesystem: Append Enabled: true
2021-04-03 08:57:06,962 INFO org.apache.hadoop.util.GSet: Computing capacity for map INodeMap
2021-04-03 08:57:06,963 INFO org.apache.hadoop.util.GSet: VM type       = 64-bit
2021-04-03 08:57:06,963 INFO org.apache.hadoop.util.GSet: 1.0% max memory = 889 MB
2021-04-03 08:57:06,964 INFO org.apache.hadoop.util.GSet: capacity      = 2^20 = 1048576 entries
2021-04-03 08:57:06,964 INFO org.apache.hadoop.hdfs.server.namenode.NameNode: Caching file names occuring more than 10 times
2021-04-03 08:57:06,967 INFO org.apache.hadoop.hdfs.server.namenode.FSNamesystem: dfs.namenode.safemode.threshold-pct = 0.9990000128746033
2021-04-03 08:57:06,967 INFO org.apache.hadoop.hdfs.server.namenode.FSNamesystem: dfs.namenode.safemode.min.datanodes = 0
2021-04-03 08:57:06,967 INFO org.apache.hadoop.hdfs.server.namenode.FSNamesystem: dfs.namenode.safemode.extension     = 30000
2021-04-03 08:57:06,969 INFO org.apache.hadoop.hdfs.server.namenode.FSNamesystem: Retry cache on namenode is enabled
2021-04-03 08:57:06,969 INFO org.apache.hadoop.hdfs.server.namenode.FSNamesystem: Retry cache will use 0.03 of total heap and retry cache entry expiry time is 600000 millis
2021-04-03 08:57:06,971 INFO org.apache.hadoop.util.GSet: Computing capacity for map Namenode Retry Cache
2021-04-03 08:57:06,971 INFO org.apache.hadoop.util.GSet: VM type       = 64-bit
2021-04-03 08:57:06,972 INFO org.apache.hadoop.util.GSet: 0.029999999329447746% max memory = 889 MB
2021-04-03 08:57:06,972 INFO org.apache.hadoop.util.GSet: capacity      = 2^15 = 32768 entries
2021-04-03 08:57:06,988 INFO org.apache.hadoop.hdfs.server.common.Storage: Lock on /home/hduser/hdfs-data/namenode/in_use.lock acquired by nodename 473@4053d43f5cec
2021-04-03 08:57:07,080 INFO org.apache.hadoop.hdfs.server.namenode.FileJournalManager: Recovering unfinalized segments in /home/hduser/hdfs-data/namenode/current
2021-04-03 08:57:07,317 INFO org.apache.hadoop.hdfs.server.namenode.FileJournalManager: Finalizing edits file /home/hduser/hdfs-data/namenode/current/edits_inprogress_0000000000000000071 -> /home/hduser/hdfs-data/namenode/current/edits_0000000000000000071-0000000000000000071
2021-04-03 08:57:07,352 INFO org.apache.hadoop.hdfs.server.namenode.FSImage: Loading image file /home/hduser/hdfs-data/namenode/current/fsimage_0000000000000000070 using no compression
2021-04-03 08:57:07,352 INFO org.apache.hadoop.hdfs.server.namenode.FSImage: Number of files = 7
2021-04-03 08:57:07,357 INFO org.apache.hadoop.hdfs.server.namenode.FSImage: Number of files under construction = 0
2021-04-03 08:57:07,360 INFO org.apache.hadoop.hdfs.server.namenode.FSImage: Image file /home/hduser/hdfs-data/namenode/current/fsimage_0000000000000000070 of size 859 bytes loaded in 0 seconds.
2021-04-03 08:57:07,361 INFO org.apache.hadoop.hdfs.server.namenode.FSImage: Loaded image for txid 70 from /home/hduser/hdfs-data/namenode/current/fsimage_0000000000000000070
2021-04-03 08:57:07,362 INFO org.apache.hadoop.hdfs.server.namenode.FSImage: Reading org.apache.hadoop.hdfs.server.namenode.RedundantEditLogInputStream@4a7c8353 expecting start txid #71
2021-04-03 08:57:07,364 INFO org.apache.hadoop.hdfs.server.namenode.FSImage: Start loading edits file /home/hduser/hdfs-data/namenode/current/edits_0000000000000000071-0000000000000000071
2021-04-03 08:57:07,367 INFO org.apache.hadoop.hdfs.server.namenode.EditLogInputStream: Fast-forwarding stream '/home/hduser/hdfs-data/namenode/current/edits_0000000000000000071-0000000000000000071' to transaction ID 71
2021-04-03 08:57:07,380 INFO org.apache.hadoop.hdfs.server.namenode.FSImage: Edits file /home/hduser/hdfs-data/namenode/current/edits_0000000000000000071-0000000000000000071 of size 1048576 edits # 1 loaded in 0 seconds
2021-04-03 08:57:07,392 INFO org.apache.hadoop.hdfs.server.namenode.FSEditLog: Starting log segment at 72
2021-04-03 08:57:07,457 INFO org.apache.hadoop.hdfs.server.namenode.NameCache: initialized with 0 entries 0 lookups
2021-04-03 08:57:07,458 INFO org.apache.hadoop.hdfs.server.namenode.FSNamesystem: Finished loading FSImage in 485 msecs
2021-04-03 08:57:07,599 INFO org.apache.hadoop.hdfs.server.namenode.NameNode: RPC server is binding to 0.0.0.0:9000
2021-04-03 08:57:07,610 INFO org.apache.hadoop.ipc.Server: Starting Socket Reader #1 for port 9000
2021-04-03 08:57:07,625 INFO org.apache.hadoop.hdfs.server.namenode.FSNamesystem: Registered FSNamesystemState MBean
2021-04-03 08:57:07,645 INFO org.apache.hadoop.hdfs.server.namenode.FSNamesystem: Number of blocks under construction: 0
2021-04-03 08:57:07,645 INFO org.apache.hadoop.hdfs.server.namenode.FSNamesystem: Number of blocks under construction: 0
2021-04-03 08:57:07,646 INFO org.apache.hadoop.hdfs.server.namenode.FSNamesystem: initializing replication queues
2021-04-03 08:57:07,652 INFO org.apache.hadoop.hdfs.server.blockmanagement.BlockManager: Total number of blocks            = 0
2021-04-03 08:57:07,652 INFO org.apache.hadoop.hdfs.server.blockmanagement.BlockManager: Number of invalid blocks          = 0
2021-04-03 08:57:07,652 INFO org.apache.hadoop.hdfs.server.blockmanagement.BlockManager: Number of under-replicated blocks = 0
2021-04-03 08:57:07,653 INFO org.apache.hadoop.hdfs.server.blockmanagement.BlockManager: Number of  over-replicated blocks = 0
2021-04-03 08:57:07,653 INFO org.apache.hadoop.hdfs.server.blockmanagement.BlockManager: Number of blocks being written    = 0
2021-04-03 08:57:07,654 INFO org.apache.hadoop.hdfs.StateChange: STATE* Replication Queue initialization scan for invalid, over- and under-replicated blocks completed in 8 msec
2021-04-03 08:57:07,654 INFO org.apache.hadoop.hdfs.StateChange: STATE* Leaving safe mode after 0 secs
2021-04-03 08:57:07,654 INFO org.apache.hadoop.hdfs.StateChange: STATE* Network topology has 0 racks and 0 datanodes
2021-04-03 08:57:07,655 INFO org.apache.hadoop.hdfs.StateChange: STATE* UnderReplicatedBlocks has 0 blocks
2021-04-03 08:57:07,674 INFO org.apache.hadoop.ipc.Server: IPC Server Responder: starting
2021-04-03 08:57:07,674 INFO org.apache.hadoop.ipc.Server: IPC Server listener on 9000: starting
2021-04-03 08:57:07,680 INFO org.apache.hadoop.hdfs.server.namenode.NameNode: NameNode RPC up at: localhost/127.0.0.1:9000
2021-04-03 08:57:07,680 INFO org.apache.hadoop.hdfs.server.namenode.FSNamesystem: Starting services required for active state
2021-04-03 08:57:10,650 INFO org.apache.hadoop.hdfs.StateChange: BLOCK* registerDatanode: from DatanodeRegistration(127.0.0.1, storageID=DS-1463289739-172.30.0.11-50010-1617429210243, infoPort=50075, ipcPort=50020, storageInfo=lv=-47;cid=CID-b159fe21-6377-4740-b786-5ee706b853d8;nsid=1633221771;c=0) storage DS-1463289739-172.30.0.11-50010-1617429210243
2021-04-03 08:57:10,653 INFO org.apache.hadoop.net.NetworkTopology: Adding a new node: /default-rack/127.0.0.1:50010
2021-04-03 08:57:10,738 INFO org.apache.hadoop.hdfs.server.blockmanagement.BlockManager: BLOCK* processReport: Received first block report from 127.0.0.1:50010 after starting up or becoming active. Its block contents are no longer considered stale
2021-04-03 08:57:10,739 INFO BlockStateChange: BLOCK* processReport: from DatanodeRegistration(127.0.0.1, storageID=DS-1463289739-172.30.0.11-50010-1617429210243, infoPort=50075, ipcPort=50020, storageInfo=lv=-47;cid=CID-b159fe21-6377-4740-b786-5ee706b853d8;nsid=1633221771;c=0), blocks: 0, processing time: 2 msecs
2021-04-03 08:58:14,885 INFO org.apache.hadoop.hdfs.server.namenode.FSNamesystem: Roll Edit Log from 127.0.0.1
2021-04-03 08:58:14,886 INFO org.apache.hadoop.hdfs.server.namenode.FSEditLog: Rolling edit logs
2021-04-03 08:58:14,886 INFO org.apache.hadoop.hdfs.server.namenode.FSEditLog: Ending log segment 72
2021-04-03 08:58:14,887 INFO org.apache.hadoop.hdfs.server.namenode.FSEditLog: Number of transactions: 2 Total time for transactions(ms): 0 Number of transactions batched in Syncs: 0 Number of syncs: 2 SyncTimes(ms): 20 
2021-04-03 08:58:14,891 INFO org.apache.hadoop.hdfs.server.namenode.FSEditLog: Number of transactions: 2 Total time for transactions(ms): 0 Number of transactions batched in Syncs: 0 Number of syncs: 3 SyncTimes(ms): 24 
2021-04-03 08:58:14,895 INFO org.apache.hadoop.hdfs.server.namenode.FileJournalManager: Finalizing edits file /home/hduser/hdfs-data/namenode/current/edits_inprogress_0000000000000000072 -> /home/hduser/hdfs-data/namenode/current/edits_0000000000000000072-0000000000000000073
2021-04-03 08:58:14,901 INFO org.apache.hadoop.hdfs.server.namenode.FSEditLog: Starting log segment at 74
2021-04-03 08:58:15,454 INFO org.apache.hadoop.hdfs.server.namenode.TransferFsImage: Opening connection to http://localhost:50090/getimage?getimage=1&txid=73&storageInfo=-47:1633221771:0:CID-b159fe21-6377-4740-b786-5ee706b853d8
2021-04-03 08:58:15,603 INFO org.apache.hadoop.hdfs.server.namenode.TransferFsImage: Transfer took 0.15s at 0.00 KB/s
2021-04-03 08:58:15,605 INFO org.apache.hadoop.hdfs.server.namenode.TransferFsImage: Downloaded file fsimage.ckpt_0000000000000000073 size 859 bytes.
2021-04-03 08:58:15,649 INFO org.apache.hadoop.hdfs.server.namenode.NNStorageRetentionManager: Going to retain 2 images with txid >= 70
2021-04-03 08:58:15,649 INFO org.apache.hadoop.hdfs.server.namenode.NNStorageRetentionManager: Purging old image FSImageFile(file=/home/hduser/hdfs-data/namenode/current/fsimage_0000000000000000067, cpktTxId=0000000000000000067)
