2021-04-03 08:57:13,816 INFO org.apache.hadoop.hdfs.server.namenode.SecondaryNameNode: STARTUP_MSG: 
/************************************************************
STARTUP_MSG: Starting SecondaryNameNode
STARTUP_MSG:   host = 4053d43f5cec/192.168.16.8
STARTUP_MSG:   args = []
STARTUP_MSG:   version = 2.2.0
STARTUP_MSG:   classpath = /opt/hadoop/etc/hadoop:/opt/hadoop/share/hadoop/common/lib/commons-net-3.1.jar:/opt/hadoop/share/hadoop/common/lib/jackson-jaxrs-1.8.8.jar:/opt/hadoop/share/hadoop/common/lib/hadoop-annotations-2.2.0.jar:/opt/hadoop/share/hadoop/common/lib/jasper-compiler-5.5.23.jar:/opt/hadoop/share/hadoop/common/lib/commons-lang-2.5.jar:/opt/hadoop/share/hadoop/common/lib/commons-httpclient-3.1.jar:/opt/hadoop/share/hadoop/common/lib/jaxb-api-2.2.2.jar:/opt/hadoop/share/hadoop/common/lib/commons-configuration-1.6.jar:/opt/hadoop/share/hadoop/common/lib/paranamer-2.3.jar:/opt/hadoop/share/hadoop/common/lib/commons-beanutils-1.7.0.jar:/opt/hadoop/share/hadoop/common/lib/jackson-xc-1.8.8.jar:/opt/hadoop/share/hadoop/common/lib/junit-4.8.2.jar:/opt/hadoop/share/hadoop/common/lib/servlet-api-2.5.jar:/opt/hadoop/share/hadoop/common/lib/log4j-1.2.17.jar:/opt/hadoop/share/hadoop/common/lib/slf4j-api-1.7.5.jar:/opt/hadoop/share/hadoop/common/lib/commons-el-1.0.jar:/opt/hadoop/share/hadoop/common/lib/snappy-java-1.0.4.1.jar:/opt/hadoop/share/hadoop/common/lib/jasper-runtime-5.5.23.jar:/opt/hadoop/share/hadoop/common/lib/commons-cli-1.2.jar:/opt/hadoop/share/hadoop/common/lib/jackson-mapper-asl-1.8.8.jar:/opt/hadoop/share/hadoop/common/lib/asm-3.2.jar:/opt/hadoop/share/hadoop/common/lib/jettison-1.1.jar:/opt/hadoop/share/hadoop/common/lib/xmlenc-0.52.jar:/opt/hadoop/share/hadoop/common/lib/xz-1.0.jar:/opt/hadoop/share/hadoop/common/lib/commons-math-2.1.jar:/opt/hadoop/share/hadoop/common/lib/jsr305-1.3.9.jar:/opt/hadoop/share/hadoop/common/lib/mockito-all-1.8.5.jar:/opt/hadoop/share/hadoop/common/lib/commons-collections-3.2.1.jar:/opt/hadoop/share/hadoop/common/lib/stax-api-1.0.1.jar:/opt/hadoop/share/hadoop/common/lib/jersey-core-1.9.jar:/opt/hadoop/share/hadoop/common/lib/activation-1.1.jar:/opt/hadoop/share/hadoop/common/lib/jetty-util-6.1.26.jar:/opt/hadoop/share/hadoop/common/lib/commons-digester-1.8.jar:/opt/hadoop/share/hadoop/common/lib/zookeeper-3.4.5.jar:/opt/hadoop/share/hadoop/common/lib/jsp-api-2.1.jar:/opt/hadoop/share/hadoop/common/lib/jackson-core-asl-1.8.8.jar:/opt/hadoop/share/hadoop/common/lib/jetty-6.1.26.jar:/opt/hadoop/share/hadoop/common/lib/commons-beanutils-core-1.8.0.jar:/opt/hadoop/share/hadoop/common/lib/commons-codec-1.4.jar:/opt/hadoop/share/hadoop/common/lib/commons-logging-1.1.1.jar:/opt/hadoop/share/hadoop/common/lib/hadoop-auth-2.2.0.jar:/opt/hadoop/share/hadoop/common/lib/protobuf-java-2.5.0.jar:/opt/hadoop/share/hadoop/common/lib/commons-io-2.1.jar:/opt/hadoop/share/hadoop/common/lib/jsch-0.1.42.jar:/opt/hadoop/share/hadoop/common/lib/commons-compress-1.4.1.jar:/opt/hadoop/share/hadoop/common/lib/netty-3.6.2.Final.jar:/opt/hadoop/share/hadoop/common/lib/jaxb-impl-2.2.3-1.jar:/opt/hadoop/share/hadoop/common/lib/guava-11.0.2.jar:/opt/hadoop/share/hadoop/common/lib/jersey-json-1.9.jar:/opt/hadoop/share/hadoop/common/lib/slf4j-log4j12-1.7.5.jar:/opt/hadoop/share/hadoop/common/lib/avro-1.7.4.jar:/opt/hadoop/share/hadoop/common/lib/jersey-server-1.9.jar:/opt/hadoop/share/hadoop/common/lib/jets3t-0.6.1.jar:/opt/hadoop/share/hadoop/common/hadoop-common-2.2.0.jar:/opt/hadoop/share/hadoop/common/hadoop-nfs-2.2.0.jar:/opt/hadoop/share/hadoop/common/hadoop-common-2.2.0-tests.jar:/opt/hadoop/share/hadoop/hdfs:/opt/hadoop/share/hadoop/hdfs/lib/commons-lang-2.5.jar:/opt/hadoop/share/hadoop/hdfs/lib/servlet-api-2.5.jar:/opt/hadoop/share/hadoop/hdfs/lib/log4j-1.2.17.jar:/opt/hadoop/share/hadoop/hdfs/lib/commons-el-1.0.jar:/opt/hadoop/share/hadoop/hdfs/lib/jasper-runtime-5.5.23.jar:/opt/hadoop/share/hadoop/hdfs/lib/commons-cli-1.2.jar:/opt/hadoop/share/hadoop/hdfs/lib/jackson-mapper-asl-1.8.8.jar:/opt/hadoop/share/hadoop/hdfs/lib/asm-3.2.jar:/opt/hadoop/share/hadoop/hdfs/lib/xmlenc-0.52.jar:/opt/hadoop/share/hadoop/hdfs/lib/jsr305-1.3.9.jar:/opt/hadoop/share/hadoop/hdfs/lib/jersey-core-1.9.jar:/opt/hadoop/share/hadoop/hdfs/lib/jetty-util-6.1.26.jar:/opt/hadoop/share/hadoop/hdfs/lib/jsp-api-2.1.jar:/opt/hadoop/share/hadoop/hdfs/lib/commons-daemon-1.0.13.jar:/opt/hadoop/share/hadoop/hdfs/lib/jackson-core-asl-1.8.8.jar:/opt/hadoop/share/hadoop/hdfs/lib/jetty-6.1.26.jar:/opt/hadoop/share/hadoop/hdfs/lib/commons-codec-1.4.jar:/opt/hadoop/share/hadoop/hdfs/lib/commons-logging-1.1.1.jar:/opt/hadoop/share/hadoop/hdfs/lib/protobuf-java-2.5.0.jar:/opt/hadoop/share/hadoop/hdfs/lib/commons-io-2.1.jar:/opt/hadoop/share/hadoop/hdfs/lib/netty-3.6.2.Final.jar:/opt/hadoop/share/hadoop/hdfs/lib/guava-11.0.2.jar:/opt/hadoop/share/hadoop/hdfs/lib/jersey-server-1.9.jar:/opt/hadoop/share/hadoop/hdfs/hadoop-hdfs-2.2.0.jar:/opt/hadoop/share/hadoop/hdfs/hadoop-hdfs-2.2.0-tests.jar:/opt/hadoop/share/hadoop/hdfs/hadoop-hdfs-nfs-2.2.0.jar:/opt/hadoop/share/hadoop/yarn/lib/junit-4.10.jar:/opt/hadoop/share/hadoop/yarn/lib/hadoop-annotations-2.2.0.jar:/opt/hadoop/share/hadoop/yarn/lib/aopalliance-1.0.jar:/opt/hadoop/share/hadoop/yarn/lib/hamcrest-core-1.1.jar:/opt/hadoop/share/hadoop/yarn/lib/paranamer-2.3.jar:/opt/hadoop/share/hadoop/yarn/lib/log4j-1.2.17.jar:/opt/hadoop/share/hadoop/yarn/lib/snappy-java-1.0.4.1.jar:/opt/hadoop/share/hadoop/yarn/lib/jackson-mapper-asl-1.8.8.jar:/opt/hadoop/share/hadoop/yarn/lib/asm-3.2.jar:/opt/hadoop/share/hadoop/yarn/lib/xz-1.0.jar:/opt/hadoop/share/hadoop/yarn/lib/jersey-guice-1.9.jar:/opt/hadoop/share/hadoop/yarn/lib/jersey-core-1.9.jar:/opt/hadoop/share/hadoop/yarn/lib/guice-servlet-3.0.jar:/opt/hadoop/share/hadoop/yarn/lib/jackson-core-asl-1.8.8.jar:/opt/hadoop/share/hadoop/yarn/lib/protobuf-java-2.5.0.jar:/opt/hadoop/share/hadoop/yarn/lib/commons-io-2.1.jar:/opt/hadoop/share/hadoop/yarn/lib/commons-compress-1.4.1.jar:/opt/hadoop/share/hadoop/yarn/lib/netty-3.6.2.Final.jar:/opt/hadoop/share/hadoop/yarn/lib/guice-3.0.jar:/opt/hadoop/share/hadoop/yarn/lib/avro-1.7.4.jar:/opt/hadoop/share/hadoop/yarn/lib/javax.inject-1.jar:/opt/hadoop/share/hadoop/yarn/lib/jersey-server-1.9.jar:/opt/hadoop/share/hadoop/yarn/hadoop-yarn-client-2.2.0.jar:/opt/hadoop/share/hadoop/yarn/hadoop-yarn-server-resourcemanager-2.2.0.jar:/opt/hadoop/share/hadoop/yarn/hadoop-yarn-applications-unmanaged-am-launcher-2.2.0.jar:/opt/hadoop/share/hadoop/yarn/hadoop-yarn-server-tests-2.2.0.jar:/opt/hadoop/share/hadoop/yarn/hadoop-yarn-server-nodemanager-2.2.0.jar:/opt/hadoop/share/hadoop/yarn/hadoop-yarn-server-web-proxy-2.2.0.jar:/opt/hadoop/share/hadoop/yarn/hadoop-yarn-api-2.2.0.jar:/opt/hadoop/share/hadoop/yarn/hadoop-yarn-common-2.2.0.jar:/opt/hadoop/share/hadoop/yarn/hadoop-yarn-site-2.2.0.jar:/opt/hadoop/share/hadoop/yarn/hadoop-yarn-server-common-2.2.0.jar:/opt/hadoop/share/hadoop/yarn/hadoop-yarn-applications-distributedshell-2.2.0.jar:/opt/hadoop/share/hadoop/mapreduce/lib/junit-4.10.jar:/opt/hadoop/share/hadoop/mapreduce/lib/hadoop-annotations-2.2.0.jar:/opt/hadoop/share/hadoop/mapreduce/lib/aopalliance-1.0.jar:/opt/hadoop/share/hadoop/mapreduce/lib/hamcrest-core-1.1.jar:/opt/hadoop/share/hadoop/mapreduce/lib/paranamer-2.3.jar:/opt/hadoop/share/hadoop/mapreduce/lib/log4j-1.2.17.jar:/opt/hadoop/share/hadoop/mapreduce/lib/snappy-java-1.0.4.1.jar:/opt/hadoop/share/hadoop/mapreduce/lib/jackson-mapper-asl-1.8.8.jar:/opt/hadoop/share/hadoop/mapreduce/lib/asm-3.2.jar:/opt/hadoop/share/hadoop/mapreduce/lib/xz-1.0.jar:/opt/hadoop/share/hadoop/mapreduce/lib/jersey-guice-1.9.jar:/opt/hadoop/share/hadoop/mapreduce/lib/jersey-core-1.9.jar:/opt/hadoop/share/hadoop/mapreduce/lib/guice-servlet-3.0.jar:/opt/hadoop/share/hadoop/mapreduce/lib/jackson-core-asl-1.8.8.jar:/opt/hadoop/share/hadoop/mapreduce/lib/protobuf-java-2.5.0.jar:/opt/hadoop/share/hadoop/mapreduce/lib/commons-io-2.1.jar:/opt/hadoop/share/hadoop/mapreduce/lib/commons-compress-1.4.1.jar:/opt/hadoop/share/hadoop/mapreduce/lib/netty-3.6.2.Final.jar:/opt/hadoop/share/hadoop/mapreduce/lib/guice-3.0.jar:/opt/hadoop/share/hadoop/mapreduce/lib/avro-1.7.4.jar:/opt/hadoop/share/hadoop/mapreduce/lib/javax.inject-1.jar:/opt/hadoop/share/hadoop/mapreduce/lib/jersey-server-1.9.jar:/opt/hadoop/share/hadoop/mapreduce/hadoop-mapreduce-client-hs-plugins-2.2.0.jar:/opt/hadoop/share/hadoop/mapreduce/hadoop-mapreduce-client-jobclient-2.2.0.jar:/opt/hadoop/share/hadoop/mapreduce/hadoop-mapreduce-client-jobclient-2.2.0-tests.jar:/opt/hadoop/share/hadoop/mapreduce/hadoop-mapreduce-client-core-2.2.0.jar:/opt/hadoop/share/hadoop/mapreduce/hadoop-mapreduce-client-common-2.2.0.jar:/opt/hadoop/share/hadoop/mapreduce/hadoop-mapreduce-client-shuffle-2.2.0.jar:/opt/hadoop/share/hadoop/mapreduce/hadoop-mapreduce-client-app-2.2.0.jar:/opt/hadoop/share/hadoop/mapreduce/hadoop-mapreduce-client-hs-2.2.0.jar:/opt/hadoop/share/hadoop/mapreduce/hadoop-mapreduce-examples-2.2.0.jar:/contrib/capacity-scheduler/*.jar:/contrib/capacity-scheduler/*.jar:/contrib/capacity-scheduler/*.jar
STARTUP_MSG:   build = https://svn.apache.org/repos/asf/hadoop/common -r 1529768; compiled by 'hortonmu' on 2013-10-07T06:28Z
STARTUP_MSG:   java = 1.7.0_51
************************************************************/
2021-04-03 08:57:13,821 INFO org.apache.hadoop.hdfs.server.namenode.SecondaryNameNode: registered UNIX signal handlers for [TERM, HUP, INT]
2021-04-03 08:57:14,077 WARN org.apache.hadoop.util.NativeCodeLoader: Unable to load native-hadoop library for your platform... using builtin-java classes where applicable
2021-04-03 08:57:14,179 INFO org.apache.hadoop.metrics2.impl.MetricsConfig: loaded properties from hadoop-metrics2.properties
2021-04-03 08:57:14,221 INFO org.apache.hadoop.metrics2.impl.MetricsSystemImpl: Scheduled snapshot period at 10 second(s).
2021-04-03 08:57:14,221 INFO org.apache.hadoop.metrics2.impl.MetricsSystemImpl: SecondaryNameNode metrics system started
2021-04-03 08:57:14,421 INFO org.apache.hadoop.hdfs.server.common.Storage: Lock on /tmp/hadoop-hduser/dfs/namesecondary/in_use.lock acquired by nodename 931@4053d43f5cec
2021-04-03 08:57:14,475 INFO org.apache.hadoop.hdfs.server.namenode.HostFileManager: read includes:
HostSet(
)
2021-04-03 08:57:14,476 INFO org.apache.hadoop.hdfs.server.namenode.HostFileManager: read excludes:
HostSet(
)
2021-04-03 08:57:14,478 INFO org.apache.hadoop.hdfs.server.blockmanagement.DatanodeManager: dfs.block.invalidate.limit=1000
2021-04-03 08:57:14,480 INFO org.apache.hadoop.util.GSet: Computing capacity for map BlocksMap
2021-04-03 08:57:14,480 INFO org.apache.hadoop.util.GSet: VM type       = 64-bit
2021-04-03 08:57:14,481 INFO org.apache.hadoop.util.GSet: 2.0% max memory = 889 MB
2021-04-03 08:57:14,481 INFO org.apache.hadoop.util.GSet: capacity      = 2^21 = 2097152 entries
2021-04-03 08:57:14,485 INFO org.apache.hadoop.hdfs.server.blockmanagement.BlockManager: dfs.block.access.token.enable=false
2021-04-03 08:57:14,486 INFO org.apache.hadoop.hdfs.server.blockmanagement.BlockManager: defaultReplication         = 1
2021-04-03 08:57:14,486 INFO org.apache.hadoop.hdfs.server.blockmanagement.BlockManager: maxReplication             = 512
2021-04-03 08:57:14,487 INFO org.apache.hadoop.hdfs.server.blockmanagement.BlockManager: minReplication             = 1
2021-04-03 08:57:14,487 INFO org.apache.hadoop.hdfs.server.blockmanagement.BlockManager: maxReplicationStreams      = 2
2021-04-03 08:57:14,487 INFO org.apache.hadoop.hdfs.server.blockmanagement.BlockManager: shouldCheckForEnoughRacks  = false
2021-04-03 08:57:14,488 INFO org.apache.hadoop.hdfs.server.blockmanagement.BlockManager: replicationRecheckInterval = 3000
2021-04-03 08:57:14,488 INFO org.apache.hadoop.hdfs.server.blockmanagement.BlockManager: encryptDataTransfer        = false
2021-04-03 08:57:14,489 INFO org.apache.hadoop.hdfs.server.namenode.FSNamesystem: fsOwner             = hduser (auth:SIMPLE)
2021-04-03 08:57:14,489 INFO org.apache.hadoop.hdfs.server.namenode.FSNamesystem: supergroup          = supergroup
2021-04-03 08:57:14,490 INFO org.apache.hadoop.hdfs.server.namenode.FSNamesystem: isPermissionEnabled = true
2021-04-03 08:57:14,490 INFO org.apache.hadoop.hdfs.server.namenode.FSNamesystem: HA Enabled: false
2021-04-03 08:57:14,492 INFO org.apache.hadoop.hdfs.server.namenode.FSNamesystem: Append Enabled: true
2021-04-03 08:57:14,624 INFO org.apache.hadoop.util.GSet: Computing capacity for map INodeMap
2021-04-03 08:57:14,625 INFO org.apache.hadoop.util.GSet: VM type       = 64-bit
2021-04-03 08:57:14,625 INFO org.apache.hadoop.util.GSet: 1.0% max memory = 889 MB
2021-04-03 08:57:14,625 INFO org.apache.hadoop.util.GSet: capacity      = 2^20 = 1048576 entries
2021-04-03 08:57:14,626 INFO org.apache.hadoop.hdfs.server.namenode.NameNode: Caching file names occuring more than 10 times
2021-04-03 08:57:14,629 INFO org.apache.hadoop.hdfs.server.namenode.FSNamesystem: dfs.namenode.safemode.threshold-pct = 0.9990000128746033
2021-04-03 08:57:14,629 INFO org.apache.hadoop.hdfs.server.namenode.FSNamesystem: dfs.namenode.safemode.min.datanodes = 0
2021-04-03 08:57:14,629 INFO org.apache.hadoop.hdfs.server.namenode.FSNamesystem: dfs.namenode.safemode.extension     = 30000
2021-04-03 08:57:14,652 INFO org.mortbay.log: Logging to org.slf4j.impl.Log4jLoggerAdapter(org.mortbay.log) via org.mortbay.log.Slf4jLog
2021-04-03 08:57:14,682 INFO org.apache.hadoop.http.HttpServer: Added global filter 'safety' (class=org.apache.hadoop.http.HttpServer$QuotingInputFilter)
2021-04-03 08:57:14,685 INFO org.apache.hadoop.http.HttpServer: Added filter static_user_filter (class=org.apache.hadoop.http.lib.StaticUserWebFilter$StaticUserFilter) to context secondary
2021-04-03 08:57:14,685 INFO org.apache.hadoop.http.HttpServer: Added filter static_user_filter (class=org.apache.hadoop.http.lib.StaticUserWebFilter$StaticUserFilter) to context static
2021-04-03 08:57:14,685 INFO org.apache.hadoop.http.HttpServer: Added filter static_user_filter (class=org.apache.hadoop.http.lib.StaticUserWebFilter$StaticUserFilter) to context logs
2021-04-03 08:57:14,692 INFO org.apache.hadoop.http.HttpServer: Jetty bound to port 50090
2021-04-03 08:57:14,692 INFO org.mortbay.log: jetty-6.1.26
2021-04-03 08:57:14,820 INFO org.mortbay.log: Started SelectChannelConnector@0.0.0.0:50090
2021-04-03 08:57:14,821 INFO org.apache.hadoop.hdfs.server.namenode.SecondaryNameNode: Web server init done
2021-04-03 08:57:14,821 INFO org.apache.hadoop.hdfs.server.namenode.SecondaryNameNode: Secondary Web-server up at: 0.0.0.0:50090
2021-04-03 08:57:14,822 INFO org.apache.hadoop.hdfs.server.namenode.SecondaryNameNode: Checkpoint Period   :3600 secs (60 min)
2021-04-03 08:57:14,822 INFO org.apache.hadoop.hdfs.server.namenode.SecondaryNameNode: Log Size Trigger    :1000000 txns
2021-04-03 08:58:15,059 INFO org.apache.hadoop.hdfs.server.namenode.SecondaryNameNode: Image has changed. Downloading updated image from NN.
2021-04-03 08:58:15,064 INFO org.apache.hadoop.hdfs.server.namenode.TransferFsImage: Opening connection to http://localhost:50070/getimage?getimage=1&txid=70&storageInfo=-47:1633221771:0:CID-b159fe21-6377-4740-b786-5ee706b853d8
2021-04-03 08:58:15,194 INFO org.apache.hadoop.hdfs.server.namenode.TransferFsImage: Transfer took 0.13s at 0.00 KB/s
2021-04-03 08:58:15,194 INFO org.apache.hadoop.hdfs.server.namenode.TransferFsImage: Downloaded file fsimage.ckpt_0000000000000000070 size 859 bytes.
2021-04-03 08:58:15,211 INFO org.apache.hadoop.hdfs.server.namenode.TransferFsImage: Opening connection to http://localhost:50070/getimage?getedit=1&startTxId=71&endTxId=71&storageInfo=-47:1633221771:0:CID-b159fe21-6377-4740-b786-5ee706b853d8
2021-04-03 08:58:15,340 INFO org.apache.hadoop.hdfs.server.namenode.TransferFsImage: Transfer took 0.13s at 7937.98 KB/s
2021-04-03 08:58:15,341 INFO org.apache.hadoop.hdfs.server.namenode.TransferFsImage: Downloaded file edits_tmp_0000000000000000071-0000000000000000071_0000001617440295211 size 0 bytes.
2021-04-03 08:58:15,342 INFO org.apache.hadoop.hdfs.server.namenode.TransferFsImage: Opening connection to http://localhost:50070/getimage?getedit=1&startTxId=72&endTxId=73&storageInfo=-47:1633221771:0:CID-b159fe21-6377-4740-b786-5ee706b853d8
2021-04-03 08:58:15,355 INFO org.apache.hadoop.hdfs.server.namenode.TransferFsImage: Transfer took 0.01s at 0.00 KB/s
2021-04-03 08:58:15,355 INFO org.apache.hadoop.hdfs.server.namenode.TransferFsImage: Downloaded file edits_tmp_0000000000000000072-0000000000000000073_0000001617440295342 size 0 bytes.
2021-04-03 08:58:15,363 INFO org.apache.hadoop.hdfs.server.namenode.FSImage: Loading image file /tmp/hadoop-hduser/dfs/namesecondary/current/fsimage_0000000000000000070 using no compression
2021-04-03 08:58:15,364 INFO org.apache.hadoop.hdfs.server.namenode.FSImage: Number of files = 7
2021-04-03 08:58:15,370 INFO org.apache.hadoop.hdfs.server.namenode.FSImage: Number of files under construction = 0
2021-04-03 08:58:15,370 INFO org.apache.hadoop.hdfs.server.namenode.FSImage: Image file /tmp/hadoop-hduser/dfs/namesecondary/current/fsimage_0000000000000000070 of size 859 bytes loaded in 0 seconds.
2021-04-03 08:58:15,371 INFO org.apache.hadoop.hdfs.server.namenode.FSImage: Loaded image for txid 70 from /tmp/hadoop-hduser/dfs/namesecondary/current/fsimage_0000000000000000070
2021-04-03 08:58:15,372 INFO org.apache.hadoop.hdfs.server.namenode.NameCache: initialized with 0 entries 0 lookups
2021-04-03 08:58:15,377 INFO org.apache.hadoop.hdfs.server.namenode.Checkpointer: Checkpointer about to load edits from 2 stream(s).
2021-04-03 08:58:15,381 INFO org.apache.hadoop.hdfs.server.namenode.FSImage: Reading /tmp/hadoop-hduser/dfs/namesecondary/current/edits_0000000000000000071-0000000000000000071 expecting start txid #71
2021-04-03 08:58:15,381 INFO org.apache.hadoop.hdfs.server.namenode.FSImage: Start loading edits file /tmp/hadoop-hduser/dfs/namesecondary/current/edits_0000000000000000071-0000000000000000071
2021-04-03 08:58:15,391 INFO org.apache.hadoop.hdfs.server.namenode.FSImage: Edits file /tmp/hadoop-hduser/dfs/namesecondary/current/edits_0000000000000000071-0000000000000000071 of size 1048576 edits # 1 loaded in 0 seconds
2021-04-03 08:58:15,391 INFO org.apache.hadoop.hdfs.server.namenode.FSImage: Reading /tmp/hadoop-hduser/dfs/namesecondary/current/edits_0000000000000000072-0000000000000000073 expecting start txid #72
2021-04-03 08:58:15,392 INFO org.apache.hadoop.hdfs.server.namenode.FSImage: Start loading edits file /tmp/hadoop-hduser/dfs/namesecondary/current/edits_0000000000000000072-0000000000000000073
2021-04-03 08:58:15,392 INFO org.apache.hadoop.hdfs.server.namenode.FSImage: Edits file /tmp/hadoop-hduser/dfs/namesecondary/current/edits_0000000000000000072-0000000000000000073 of size 30 edits # 2 loaded in 0 seconds
2021-04-03 08:58:15,398 INFO org.apache.hadoop.hdfs.server.namenode.FSImage: Saving image file /tmp/hadoop-hduser/dfs/namesecondary/current/fsimage.ckpt_0000000000000000073 using no compression
2021-04-03 08:58:15,417 INFO org.apache.hadoop.hdfs.server.namenode.FSImage: Image file /tmp/hadoop-hduser/dfs/namesecondary/current/fsimage.ckpt_0000000000000000073 of size 859 bytes saved in 0 seconds.
2021-04-03 08:58:15,436 INFO org.apache.hadoop.hdfs.server.namenode.NNStorageRetentionManager: Going to retain 2 images with txid >= 70
2021-04-03 08:58:15,437 INFO org.apache.hadoop.hdfs.server.namenode.NNStorageRetentionManager: Purging old image FSImageFile(file=/tmp/hadoop-hduser/dfs/namesecondary/current/fsimage_0000000000000000067, cpktTxId=0000000000000000067)
2021-04-03 08:58:15,451 INFO org.apache.hadoop.hdfs.server.namenode.TransferFsImage: Opening connection to http://localhost:50070/getimage?putimage=1&txid=73&port=50090&storageInfo=-47:1633221771:0:CID-b159fe21-6377-4740-b786-5ee706b853d8
2021-04-03 08:58:15,666 INFO org.apache.hadoop.hdfs.server.namenode.TransferFsImage: Transfer took 0.22s at 0.00 KB/s
2021-04-03 08:58:15,667 INFO org.apache.hadoop.hdfs.server.namenode.TransferFsImage: Uploaded image with txid 73 to namenode at localhost:50070
2021-04-03 08:58:15,667 WARN org.apache.hadoop.hdfs.server.namenode.SecondaryNameNode: Checkpoint done. New Image Size: 859
